Started GET "/" for 127.0.0.1 at 2016-07-12 14:58:04 -0400
  [1m[36mActiveRecord::SchemaMigration Load (0.6ms)[0m  [1m[34mSELECT "schema_migrations".* FROM "schema_migrations"[0m
Processing by StaticPagesController#home as HTML
  Rendering static_pages/home.html.erb within layouts/application
  Rendered static_pages/home.html.erb within layouts/application (10814.5ms)
  Rendered layouts/_shim.html.erb (0.8ms)
  Rendered layouts/_header.html.erb (2.4ms)
  Rendered layouts/_footer.html.erb (1.3ms)
Completed 200 OK in 11408ms (Views: 11342.3ms | ActiveRecord: 0.0ms)


Started GET "/" for 127.0.0.1 at 2016-07-12 14:58:27 -0400
Processing by StaticPagesController#home as HTML
  Rendering static_pages/home.html.erb within layouts/application
  Rendered static_pages/home.html.erb within layouts/application (8.5ms)
  Rendered layouts/_shim.html.erb (1.6ms)
  Rendered layouts/_header.html.erb (1.6ms)
  Rendered layouts/_footer.html.erb (1.2ms)
Completed 200 OK in 155ms (Views: 152.3ms | ActiveRecord: 0.0ms)


Started GET "/favicon.ico" for 127.0.0.1 at 2016-07-12 14:58:28 -0400
  
ActionController::RoutingError (No route matches [GET] "/favicon.ico"):
  
actionpack (5.0.0) lib/action_dispatch/middleware/debug_exceptions.rb:53:in `call'
web-console (3.1.1) lib/web_console/middleware.rb:131:in `call_app'
web-console (3.1.1) lib/web_console/middleware.rb:28:in `block in call'
web-console (3.1.1) lib/web_console/middleware.rb:18:in `catch'
web-console (3.1.1) lib/web_console/middleware.rb:18:in `call'
actionpack (5.0.0) lib/action_dispatch/middleware/show_exceptions.rb:31:in `call'
railties (5.0.0) lib/rails/rack/logger.rb:36:in `call_app'
railties (5.0.0) lib/rails/rack/logger.rb:24:in `block in call'
activesupport (5.0.0) lib/active_support/tagged_logging.rb:70:in `block in tagged'
activesupport (5.0.0) lib/active_support/tagged_logging.rb:26:in `tagged'
activesupport (5.0.0) lib/active_support/tagged_logging.rb:70:in `tagged'
railties (5.0.0) lib/rails/rack/logger.rb:24:in `call'
sprockets-rails (3.1.1) lib/sprockets/rails/quiet_assets.rb:13:in `call'
actionpack (5.0.0) lib/action_dispatch/middleware/request_id.rb:24:in `call'
rack (2.0.1) lib/rack/method_override.rb:22:in `call'
rack (2.0.1) lib/rack/runtime.rb:22:in `call'
activesupport (5.0.0) lib/active_support/cache/strategy/local_cache_middleware.rb:28:in `call'
actionpack (5.0.0) lib/action_dispatch/middleware/executor.rb:12:in `call'
actionpack (5.0.0) lib/action_dispatch/middleware/static.rb:136:in `call'
rack (2.0.1) lib/rack/sendfile.rb:111:in `call'
railties (5.0.0) lib/rails/engine.rb:522:in `call'
puma (3.4.0) lib/puma/configuration.rb:224:in `call'
puma (3.4.0) lib/puma/server.rb:569:in `handle_request'
puma (3.4.0) lib/puma/server.rb:406:in `process_client'
puma (3.4.0) lib/puma/server.rb:271:in `block in run'
puma (3.4.0) lib/puma/thread_pool.rb:114:in `block in spawn_thread'
  Rendering /var/lib/gems/2.3.0/gems/actionpack-5.0.0/lib/action_dispatch/middleware/templates/rescues/routing_error.html.erb within rescues/layout
  Rendering /var/lib/gems/2.3.0/gems/actionpack-5.0.0/lib/action_dispatch/middleware/templates/rescues/_trace.html.erb
  Rendered /var/lib/gems/2.3.0/gems/actionpack-5.0.0/lib/action_dispatch/middleware/templates/rescues/_trace.html.erb (5.3ms)
  Rendered collection of /var/lib/gems/2.3.0/gems/actionpack-5.0.0/lib/action_dispatch/middleware/templates/routes/_route.html.erb [13 times] (55.4ms)
  Rendered /var/lib/gems/2.3.0/gems/actionpack-5.0.0/lib/action_dispatch/middleware/templates/routes/_table.html.erb (33.2ms)
  Rendering /var/lib/gems/2.3.0/gems/actionpack-5.0.0/lib/action_dispatch/middleware/templates/rescues/_request_and_response.html.erb
  Rendered /var/lib/gems/2.3.0/gems/actionpack-5.0.0/lib/action_dispatch/middleware/templates/rescues/_request_and_response.html.erb (3.0ms)
  Rendered /var/lib/gems/2.3.0/gems/actionpack-5.0.0/lib/action_dispatch/middleware/templates/rescues/routing_error.html.erb within rescues/layout (178.6ms)
  Rendering /var/lib/gems/2.3.0/gems/web-console-3.1.1/lib/web_console/templates/index.html.erb
  Rendered /var/lib/gems/2.3.0/gems/web-console-3.1.1/lib/web_console/templates/_markup.html.erb (1.9ms)
  Rendering /var/lib/gems/2.3.0/gems/web-console-3.1.1/lib/web_console/templates/console.js.erb within layouts/javascript
  Rendering /var/lib/gems/2.3.0/gems/web-console-3.1.1/lib/web_console/templates/_inner_console_markup.html.erb within layouts/inlined_string
  Rendered /var/lib/gems/2.3.0/gems/web-console-3.1.1/lib/web_console/templates/_inner_console_markup.html.erb within layouts/inlined_string (1.7ms)
  Rendering /var/lib/gems/2.3.0/gems/web-console-3.1.1/lib/web_console/templates/_prompt_box_markup.html.erb within layouts/inlined_string
  Rendered /var/lib/gems/2.3.0/gems/web-console-3.1.1/lib/web_console/templates/_prompt_box_markup.html.erb within layouts/inlined_string (2.0ms)
  Rendering /var/lib/gems/2.3.0/gems/web-console-3.1.1/lib/web_console/templates/style.css.erb within layouts/inlined_string
  Rendered /var/lib/gems/2.3.0/gems/web-console-3.1.1/lib/web_console/templates/style.css.erb within layouts/inlined_string (1.0ms)
  Rendered /var/lib/gems/2.3.0/gems/web-console-3.1.1/lib/web_console/templates/console.js.erb within layouts/javascript (133.1ms)
  Rendering /var/lib/gems/2.3.0/gems/web-console-3.1.1/lib/web_console/templates/main.js.erb within layouts/javascript
  Rendered /var/lib/gems/2.3.0/gems/web-console-3.1.1/lib/web_console/templates/main.js.erb within layouts/javascript (1.6ms)
  Rendered /var/lib/gems/2.3.0/gems/web-console-3.1.1/lib/web_console/templates/index.html.erb (182.1ms)
Started GET "/favicon.ico" for 127.0.0.1 at 2016-07-12 14:58:28 -0400
  
ActionController::RoutingError (No route matches [GET] "/favicon.ico"):
  
actionpack (5.0.0) lib/action_dispatch/middleware/debug_exceptions.rb:53:in `call'
web-console (3.1.1) lib/web_console/middleware.rb:131:in `call_app'
web-console (3.1.1) lib/web_console/middleware.rb:28:in `block in call'
web-console (3.1.1) lib/web_console/middleware.rb:18:in `catch'
web-console (3.1.1) lib/web_console/middleware.rb:18:in `call'
actionpack (5.0.0) lib/action_dispatch/middleware/show_exceptions.rb:31:in `call'
railties (5.0.0) lib/rails/rack/logger.rb:36:in `call_app'
railties (5.0.0) lib/rails/rack/logger.rb:24:in `block in call'
activesupport (5.0.0) lib/active_support/tagged_logging.rb:70:in `block in tagged'
activesupport (5.0.0) lib/active_support/tagged_logging.rb:26:in `tagged'
activesupport (5.0.0) lib/active_support/tagged_logging.rb:70:in `tagged'
railties (5.0.0) lib/rails/rack/logger.rb:24:in `call'
sprockets-rails (3.1.1) lib/sprockets/rails/quiet_assets.rb:13:in `call'
actionpack (5.0.0) lib/action_dispatch/middleware/request_id.rb:24:in `call'
rack (2.0.1) lib/rack/method_override.rb:22:in `call'
rack (2.0.1) lib/rack/runtime.rb:22:in `call'
activesupport (5.0.0) lib/active_support/cache/strategy/local_cache_middleware.rb:28:in `call'
actionpack (5.0.0) lib/action_dispatch/middleware/executor.rb:12:in `call'
actionpack (5.0.0) lib/action_dispatch/middleware/static.rb:136:in `call'
rack (2.0.1) lib/rack/sendfile.rb:111:in `call'
railties (5.0.0) lib/rails/engine.rb:522:in `call'
puma (3.4.0) lib/puma/configuration.rb:224:in `call'
puma (3.4.0) lib/puma/server.rb:569:in `handle_request'
puma (3.4.0) lib/puma/server.rb:406:in `process_client'
puma (3.4.0) lib/puma/server.rb:271:in `block in run'
puma (3.4.0) lib/puma/thread_pool.rb:114:in `block in spawn_thread'
  Rendering /var/lib/gems/2.3.0/gems/actionpack-5.0.0/lib/action_dispatch/middleware/templates/rescues/routing_error.html.erb within rescues/layout
  Rendering /var/lib/gems/2.3.0/gems/actionpack-5.0.0/lib/action_dispatch/middleware/templates/rescues/_trace.html.erb
  Rendered /var/lib/gems/2.3.0/gems/actionpack-5.0.0/lib/action_dispatch/middleware/templates/rescues/_trace.html.erb (4.3ms)
  Rendered collection of /var/lib/gems/2.3.0/gems/actionpack-5.0.0/lib/action_dispatch/middleware/templates/routes/_route.html.erb [13 times] (13.3ms)
  Rendered /var/lib/gems/2.3.0/gems/actionpack-5.0.0/lib/action_dispatch/middleware/templates/routes/_table.html.erb (3.7ms)
  Rendering /var/lib/gems/2.3.0/gems/actionpack-5.0.0/lib/action_dispatch/middleware/templates/rescues/_request_and_response.html.erb
  Rendered /var/lib/gems/2.3.0/gems/actionpack-5.0.0/lib/action_dispatch/middleware/templates/rescues/_request_and_response.html.erb (3.5ms)
  Rendered /var/lib/gems/2.3.0/gems/actionpack-5.0.0/lib/action_dispatch/middleware/templates/rescues/routing_error.html.erb within rescues/layout (83.9ms)
  Rendering /var/lib/gems/2.3.0/gems/web-console-3.1.1/lib/web_console/templates/index.html.erb
  Rendered /var/lib/gems/2.3.0/gems/web-console-3.1.1/lib/web_console/templates/_markup.html.erb (1.0ms)
  Rendering /var/lib/gems/2.3.0/gems/web-console-3.1.1/lib/web_console/templates/console.js.erb within layouts/javascript
  Rendering /var/lib/gems/2.3.0/gems/web-console-3.1.1/lib/web_console/templates/_inner_console_markup.html.erb within layouts/inlined_string
  Rendered /var/lib/gems/2.3.0/gems/web-console-3.1.1/lib/web_console/templates/_inner_console_markup.html.erb within layouts/inlined_string (0.9ms)
  Rendering /var/lib/gems/2.3.0/gems/web-console-3.1.1/lib/web_console/templates/_prompt_box_markup.html.erb within layouts/inlined_string
  Rendered /var/lib/gems/2.3.0/gems/web-console-3.1.1/lib/web_console/templates/_prompt_box_markup.html.erb within layouts/inlined_string (0.9ms)
  Rendering /var/lib/gems/2.3.0/gems/web-console-3.1.1/lib/web_console/templates/style.css.erb within layouts/inlined_string
  Rendered /var/lib/gems/2.3.0/gems/web-console-3.1.1/lib/web_console/templates/style.css.erb within layouts/inlined_string (0.9ms)
  Rendered /var/lib/gems/2.3.0/gems/web-console-3.1.1/lib/web_console/templates/console.js.erb within layouts/javascript (53.6ms)
  Rendering /var/lib/gems/2.3.0/gems/web-console-3.1.1/lib/web_console/templates/main.js.erb within layouts/javascript
  Rendered /var/lib/gems/2.3.0/gems/web-console-3.1.1/lib/web_console/templates/main.js.erb within layouts/javascript (0.8ms)
  Rendered /var/lib/gems/2.3.0/gems/web-console-3.1.1/lib/web_console/templates/index.html.erb (95.8ms)
Started GET "/" for 127.0.0.1 at 2016-07-12 15:25:01 -0400
Processing by StaticPagesController#home as HTML
  Rendering static_pages/home.html.erb within layouts/application
  Rendered static_pages/home.html.erb within layouts/application (9.3ms)
  Rendered layouts/_shim.html.erb (0.8ms)
  Rendered layouts/_header.html.erb (1.7ms)
  Rendered layouts/_footer.html.erb (1.5ms)
Completed 200 OK in 202ms (Views: 199.1ms | ActiveRecord: 0.0ms)


Started GET "/users/new" for 127.0.0.1 at 2016-07-12 15:38:48 -0400
Processing by UsersController#new as HTML
  Rendering users/new.html.erb within layouts/application
  Rendered shared/_error_messages.html.erb (5.1ms)
  Rendered users/new.html.erb within layouts/application (25.6ms)
  Rendered layouts/_shim.html.erb (0.8ms)
  Rendered layouts/_header.html.erb (1.5ms)
  Rendered layouts/_footer.html.erb (1.2ms)
Completed 200 OK in 216ms (Views: 160.2ms | ActiveRecord: 13.5ms)


Started GET "/signup" for 127.0.0.1 at 2016-07-12 15:39:53 -0400
Processing by UsersController#new as HTML
  Rendering users/new.html.erb within layouts/application
  Rendered shared/_error_messages.html.erb (1.6ms)
  Rendered users/new.html.erb within layouts/application (20.5ms)
  Rendered layouts/_shim.html.erb (0.7ms)
  Rendered layouts/_header.html.erb (1.8ms)
  Rendered layouts/_footer.html.erb (1.2ms)
Completed 200 OK in 170ms (Views: 159.6ms | ActiveRecord: 0.0ms)


Started POST "/users" for 127.0.0.1 at 2016-07-12 15:51:27 -0400
Processing by UsersController#create as HTML
  Parameters: {"utf8"=>"✓", "authenticity_token"=>"enxP+C4DLe/xBJE+QC/Jnd406eTDYK1Kdtob0sIHJ9ZrWncRXT4EaYHoEskwKFUfBpar1AVEwQDsH8u4jzzYOQ==", "user"=>{"name"=>"Joe Chip", "email"=>"ubik@precog.com", "password"=>"[FILTERED]", "password_confirmation"=>"[FILTERED]"}, "commit"=>"Create my account"}
  [1m[35m (0.2ms)[0m  [1m[36mbegin transaction[0m
  [1m[36mUser Exists (12.7ms)[0m  [1m[34mSELECT  1 AS one FROM "users" WHERE LOWER("users"."email") = LOWER(?) LIMIT ?[0m  [["email", "ubik@precog.com"], ["LIMIT", 1]]
  [1m[35mSQL (3.2ms)[0m  [1m[32mINSERT INTO "users" ("name", "email", "created_at", "updated_at", "password_digest") VALUES (?, ?, ?, ?, ?)[0m  [["name", "Joe Chip"], ["email", "ubik@precog.com"], ["created_at", 2016-07-12 19:51:27 UTC], ["updated_at", 2016-07-12 19:51:27 UTC], ["password_digest", "$2a$10$N9ydYT6m.T5PRsM5/jCv0Oj2sS3sJFhZyrmiImvi0XsnPQYDvqPHG"]]
  [1m[35m (61.4ms)[0m  [1m[36mcommit transaction[0m
No template found for UsersController#create, rendering head :no_content
Completed 204 No Content in 293ms (ActiveRecord: 79.7ms)


Started POST "/users" for 127.0.0.1 at 2016-07-12 15:52:33 -0400
Processing by UsersController#create as HTML
  Parameters: {"utf8"=>"✓", "authenticity_token"=>"gUR93WnDa+mkCd7SOW1gyGDq2StIpt4+BlK19bH6CZ+QYkU0Gv5Cb9TlXSVJavxKuEibG46CsnScl2Wf/MH2cA==", "user"=>{"name"=>"Joe Chip", "email"=>"ubik@precog.com", "password"=>"[FILTERED]", "password_confirmation"=>"[FILTERED]"}, "commit"=>"Create my account"}
  [1m[35m (0.2ms)[0m  [1m[36mbegin transaction[0m
  [1m[36mUser Exists (0.4ms)[0m  [1m[34mSELECT  1 AS one FROM "users" WHERE LOWER("users"."email") = LOWER(?) LIMIT ?[0m  [["email", "ubik@precog.com"], ["LIMIT", 1]]
  [1m[35m (0.2ms)[0m  [1m[31mrollback transaction[0m
  Rendering users/new.html.erb within layouts/application
  Rendered shared/_error_messages.html.erb (2.4ms)
  Rendered users/new.html.erb within layouts/application (12.3ms)
  Rendered layouts/_shim.html.erb (0.7ms)
  Rendered layouts/_header.html.erb (2.2ms)
  Rendered layouts/_footer.html.erb (1.6ms)
Completed 200 OK in 333ms (Views: 193.5ms | ActiveRecord: 3.2ms)


Started POST "/users" for 127.0.0.1 at 2016-07-12 15:53:00 -0400
Processing by UsersController#create as HTML
  Parameters: {"utf8"=>"✓", "authenticity_token"=>"ppaly4zvtog7L6coscUK59o0kTuL9KqMWh0XF/RtBFm3sJ0i/9KfDkvDJN/BwpZlApbTC03QxsbA2Md9uVb7tg==", "user"=>{"name"=>"Joe Chip", "email"=>"glen@runciter.net", "password"=>"[FILTERED]", "password_confirmation"=>"[FILTERED]"}, "commit"=>"Create my account"}
  [1m[35m (0.3ms)[0m  [1m[36mbegin transaction[0m
  [1m[36mUser Exists (0.4ms)[0m  [1m[34mSELECT  1 AS one FROM "users" WHERE LOWER("users"."email") = LOWER(?) LIMIT ?[0m  [["email", "glen@runciter.net"], ["LIMIT", 1]]
  [1m[35mSQL (0.9ms)[0m  [1m[32mINSERT INTO "users" ("name", "email", "created_at", "updated_at", "password_digest") VALUES (?, ?, ?, ?, ?)[0m  [["name", "Joe Chip"], ["email", "glen@runciter.net"], ["created_at", 2016-07-12 19:53:00 UTC], ["updated_at", 2016-07-12 19:53:00 UTC], ["password_digest", "$2a$10$zzAdxiZoHvHdG0EQTqmIOeyPE16CP0aMkYqRdQR5exhCyPzmNzKIG"]]
  [1m[35m (63.1ms)[0m  [1m[36mcommit transaction[0m
  Rendering users/show.html.erb within layouts/application
  Rendered users/show.html.erb within layouts/application (1.4ms)
  Rendered layouts/_shim.html.erb (0.7ms)
  Rendered layouts/_header.html.erb (1.6ms)
  Rendered layouts/_footer.html.erb (1.9ms)
Completed 200 OK in 324ms (Views: 141.3ms | ActiveRecord: 64.7ms)


Started GET "/signup" for 127.0.0.1 at 2016-07-12 15:53:19 -0400
Processing by UsersController#new as HTML
  Rendering users/new.html.erb within layouts/application
  Rendered shared/_error_messages.html.erb (1.5ms)
  Rendered users/new.html.erb within layouts/application (11.3ms)
  Rendered layouts/_shim.html.erb (0.9ms)
  Rendered layouts/_header.html.erb (1.9ms)
  Rendered layouts/_footer.html.erb (1.3ms)
Completed 200 OK in 151ms (Views: 148.1ms | ActiveRecord: 0.0ms)


  [1m[36mUser Load (0.5ms)[0m  [1m[34mSELECT  "users".* FROM "users" ORDER BY "users"."id" DESC LIMIT ?[0m  [["LIMIT", 1]]
Started GET "/users" for 127.0.0.1 at 2016-07-12 16:04:26 -0400
  
AbstractController::ActionNotFound (The action 'index' could not be found for UsersController):
  
actionpack (5.0.0) lib/abstract_controller/base.rb:121:in `process'
actionview (5.0.0) lib/action_view/rendering.rb:30:in `process'
actionpack (5.0.0) lib/action_controller/metal.rb:190:in `dispatch'
actionpack (5.0.0) lib/action_controller/metal.rb:262:in `dispatch'
actionpack (5.0.0) lib/action_dispatch/routing/route_set.rb:50:in `dispatch'
actionpack (5.0.0) lib/action_dispatch/routing/route_set.rb:32:in `serve'
actionpack (5.0.0) lib/action_dispatch/journey/router.rb:39:in `block in serve'
actionpack (5.0.0) lib/action_dispatch/journey/router.rb:26:in `each'
actionpack (5.0.0) lib/action_dispatch/journey/router.rb:26:in `serve'
actionpack (5.0.0) lib/action_dispatch/routing/route_set.rb:725:in `call'
rack (2.0.1) lib/rack/etag.rb:25:in `call'
rack (2.0.1) lib/rack/conditional_get.rb:25:in `call'
rack (2.0.1) lib/rack/head.rb:12:in `call'
rack (2.0.1) lib/rack/session/abstract/id.rb:222:in `context'
rack (2.0.1) lib/rack/session/abstract/id.rb:216:in `call'
actionpack (5.0.0) lib/action_dispatch/middleware/cookies.rb:613:in `call'
activerecord (5.0.0) lib/active_record/migration.rb:552:in `call'
actionpack (5.0.0) lib/action_dispatch/middleware/callbacks.rb:38:in `block in call'
activesupport (5.0.0) lib/active_support/callbacks.rb:97:in `__run_callbacks__'
activesupport (5.0.0) lib/active_support/callbacks.rb:750:in `_run_call_callbacks'
activesupport (5.0.0) lib/active_support/callbacks.rb:90:in `run_callbacks'
actionpack (5.0.0) lib/action_dispatch/middleware/callbacks.rb:36:in `call'
actionpack (5.0.0) lib/action_dispatch/middleware/executor.rb:12:in `call'
actionpack (5.0.0) lib/action_dispatch/middleware/remote_ip.rb:79:in `call'
actionpack (5.0.0) lib/action_dispatch/middleware/debug_exceptions.rb:49:in `call'
web-console (3.1.1) lib/web_console/middleware.rb:131:in `call_app'
web-console (3.1.1) lib/web_console/middleware.rb:28:in `block in call'
web-console (3.1.1) lib/web_console/middleware.rb:18:in `catch'
web-console (3.1.1) lib/web_console/middleware.rb:18:in `call'
actionpack (5.0.0) lib/action_dispatch/middleware/show_exceptions.rb:31:in `call'
railties (5.0.0) lib/rails/rack/logger.rb:36:in `call_app'
railties (5.0.0) lib/rails/rack/logger.rb:24:in `block in call'
activesupport (5.0.0) lib/active_support/tagged_logging.rb:70:in `block in tagged'
activesupport (5.0.0) lib/active_support/tagged_logging.rb:26:in `tagged'
activesupport (5.0.0) lib/active_support/tagged_logging.rb:70:in `tagged'
railties (5.0.0) lib/rails/rack/logger.rb:24:in `call'
sprockets-rails (3.1.1) lib/sprockets/rails/quiet_assets.rb:13:in `call'
actionpack (5.0.0) lib/action_dispatch/middleware/request_id.rb:24:in `call'
rack (2.0.1) lib/rack/method_override.rb:22:in `call'
rack (2.0.1) lib/rack/runtime.rb:22:in `call'
activesupport (5.0.0) lib/active_support/cache/strategy/local_cache_middleware.rb:28:in `call'
actionpack (5.0.0) lib/action_dispatch/middleware/executor.rb:12:in `call'
actionpack (5.0.0) lib/action_dispatch/middleware/static.rb:136:in `call'
rack (2.0.1) lib/rack/sendfile.rb:111:in `call'
railties (5.0.0) lib/rails/engine.rb:522:in `call'
puma (3.4.0) lib/puma/configuration.rb:224:in `call'
puma (3.4.0) lib/puma/server.rb:569:in `handle_request'
puma (3.4.0) lib/puma/server.rb:406:in `process_client'
puma (3.4.0) lib/puma/server.rb:271:in `block in run'
puma (3.4.0) lib/puma/thread_pool.rb:114:in `block in spawn_thread'
  Rendering /var/lib/gems/2.3.0/gems/actionpack-5.0.0/lib/action_dispatch/middleware/templates/rescues/unknown_action.html.erb within rescues/layout
  Rendered /var/lib/gems/2.3.0/gems/actionpack-5.0.0/lib/action_dispatch/middleware/templates/rescues/unknown_action.html.erb within rescues/layout (1.3ms)
  Rendering /var/lib/gems/2.3.0/gems/web-console-3.1.1/lib/web_console/templates/index.html.erb
  Rendered /var/lib/gems/2.3.0/gems/web-console-3.1.1/lib/web_console/templates/_markup.html.erb (1.1ms)
  Rendering /var/lib/gems/2.3.0/gems/web-console-3.1.1/lib/web_console/templates/console.js.erb within layouts/javascript
  Rendering /var/lib/gems/2.3.0/gems/web-console-3.1.1/lib/web_console/templates/_inner_console_markup.html.erb within layouts/inlined_string
  Rendered /var/lib/gems/2.3.0/gems/web-console-3.1.1/lib/web_console/templates/_inner_console_markup.html.erb within layouts/inlined_string (0.9ms)
  Rendering /var/lib/gems/2.3.0/gems/web-console-3.1.1/lib/web_console/templates/_prompt_box_markup.html.erb within layouts/inlined_string
  Rendered /var/lib/gems/2.3.0/gems/web-console-3.1.1/lib/web_console/templates/_prompt_box_markup.html.erb within layouts/inlined_string (0.8ms)
  Rendering /var/lib/gems/2.3.0/gems/web-console-3.1.1/lib/web_console/templates/style.css.erb within layouts/inlined_string
  Rendered /var/lib/gems/2.3.0/gems/web-console-3.1.1/lib/web_console/templates/style.css.erb within layouts/inlined_string (0.9ms)
  Rendered /var/lib/gems/2.3.0/gems/web-console-3.1.1/lib/web_console/templates/console.js.erb within layouts/javascript (56.1ms)
  Rendering /var/lib/gems/2.3.0/gems/web-console-3.1.1/lib/web_console/templates/main.js.erb within layouts/javascript
  Rendered /var/lib/gems/2.3.0/gems/web-console-3.1.1/lib/web_console/templates/main.js.erb within layouts/javascript (0.9ms)
  Rendered /var/lib/gems/2.3.0/gems/web-console-3.1.1/lib/web_console/templates/index.html.erb (110.2ms)
Started GET "/users" for 127.0.0.1 at 2016-07-12 16:04:40 -0400
Processing by UsersController#index as HTML
Completed 406 Not Acceptable in 39ms (ActiveRecord: 0.0ms)


  
ActionController::UnknownFormat (UsersController#index is missing a template for this request format and variant.

request.formats: ["text/html"]
request.variant: []

NOTE! For XHR/Ajax or API requests, this action would normally respond with 204 No Content: an empty white screen. Since you're loading it in a web browser, we assume that you expected to actually render a template, not… nothing, so we're showing an error to be extra-clear. If you expect 204 No Content, carry on. That's what you'll get from an XHR or API request. Give it a shot.):
  
actionpack (5.0.0) lib/action_controller/metal/implicit_render.rb:56:in `default_render'
actionpack (5.0.0) lib/action_controller/metal/basic_implicit_render.rb:4:in `block in send_action'
actionpack (5.0.0) lib/action_controller/metal/basic_implicit_render.rb:4:in `tap'
actionpack (5.0.0) lib/action_controller/metal/basic_implicit_render.rb:4:in `send_action'
actionpack (5.0.0) lib/abstract_controller/base.rb:188:in `process_action'
actionpack (5.0.0) lib/action_controller/metal/rendering.rb:30:in `process_action'
actionpack (5.0.0) lib/abstract_controller/callbacks.rb:20:in `block in process_action'
activesupport (5.0.0) lib/active_support/callbacks.rb:126:in `call'
activesupport (5.0.0) lib/active_support/callbacks.rb:506:in `block (2 levels) in compile'
activesupport (5.0.0) lib/active_support/callbacks.rb:455:in `call'
activesupport (5.0.0) lib/active_support/callbacks.rb:101:in `__run_callbacks__'
activesupport (5.0.0) lib/active_support/callbacks.rb:750:in `_run_process_action_callbacks'
activesupport (5.0.0) lib/active_support/callbacks.rb:90:in `run_callbacks'
actionpack (5.0.0) lib/abstract_controller/callbacks.rb:19:in `process_action'
actionpack (5.0.0) lib/action_controller/metal/rescue.rb:20:in `process_action'
actionpack (5.0.0) lib/action_controller/metal/instrumentation.rb:32:in `block in process_action'
activesupport (5.0.0) lib/active_support/notifications.rb:164:in `block in instrument'
activesupport (5.0.0) lib/active_support/notifications/instrumenter.rb:21:in `instrument'
activesupport (5.0.0) lib/active_support/notifications.rb:164:in `instrument'
actionpack (5.0.0) lib/action_controller/metal/instrumentation.rb:30:in `process_action'
actionpack (5.0.0) lib/action_controller/metal/params_wrapper.rb:248:in `process_action'
activerecord (5.0.0) lib/active_record/railties/controller_runtime.rb:18:in `process_action'
actionpack (5.0.0) lib/abstract_controller/base.rb:126:in `process'
actionview (5.0.0) lib/action_view/rendering.rb:30:in `process'
actionpack (5.0.0) lib/action_controller/metal.rb:190:in `dispatch'
actionpack (5.0.0) lib/action_controller/metal.rb:262:in `dispatch'
actionpack (5.0.0) lib/action_dispatch/routing/route_set.rb:50:in `dispatch'
actionpack (5.0.0) lib/action_dispatch/routing/route_set.rb:32:in `serve'
actionpack (5.0.0) lib/action_dispatch/journey/router.rb:39:in `block in serve'
actionpack (5.0.0) lib/action_dispatch/journey/router.rb:26:in `each'
actionpack (5.0.0) lib/action_dispatch/journey/router.rb:26:in `serve'
actionpack (5.0.0) lib/action_dispatch/routing/route_set.rb:725:in `call'
rack (2.0.1) lib/rack/etag.rb:25:in `call'
rack (2.0.1) lib/rack/conditional_get.rb:25:in `call'
rack (2.0.1) lib/rack/head.rb:12:in `call'
rack (2.0.1) lib/rack/session/abstract/id.rb:222:in `context'
rack (2.0.1) lib/rack/session/abstract/id.rb:216:in `call'
actionpack (5.0.0) lib/action_dispatch/middleware/cookies.rb:613:in `call'
activerecord (5.0.0) lib/active_record/migration.rb:552:in `call'
actionpack (5.0.0) lib/action_dispatch/middleware/callbacks.rb:38:in `block in call'
activesupport (5.0.0) lib/active_support/callbacks.rb:97:in `__run_callbacks__'
activesupport (5.0.0) lib/active_support/callbacks.rb:750:in `_run_call_callbacks'
activesupport (5.0.0) lib/active_support/callbacks.rb:90:in `run_callbacks'
actionpack (5.0.0) lib/action_dispatch/middleware/callbacks.rb:36:in `call'
actionpack (5.0.0) lib/action_dispatch/middleware/executor.rb:12:in `call'
actionpack (5.0.0) lib/action_dispatch/middleware/remote_ip.rb:79:in `call'
actionpack (5.0.0) lib/action_dispatch/middleware/debug_exceptions.rb:49:in `call'
web-console (3.1.1) lib/web_console/middleware.rb:131:in `call_app'
web-console (3.1.1) lib/web_console/middleware.rb:28:in `block in call'
web-console (3.1.1) lib/web_console/middleware.rb:18:in `catch'
web-console (3.1.1) lib/web_console/middleware.rb:18:in `call'
actionpack (5.0.0) lib/action_dispatch/middleware/show_exceptions.rb:31:in `call'
railties (5.0.0) lib/rails/rack/logger.rb:36:in `call_app'
railties (5.0.0) lib/rails/rack/logger.rb:24:in `block in call'
activesupport (5.0.0) lib/active_support/tagged_logging.rb:70:in `block in tagged'
activesupport (5.0.0) lib/active_support/tagged_logging.rb:26:in `tagged'
activesupport (5.0.0) lib/active_support/tagged_logging.rb:70:in `tagged'
railties (5.0.0) lib/rails/rack/logger.rb:24:in `call'
sprockets-rails (3.1.1) lib/sprockets/rails/quiet_assets.rb:13:in `call'
actionpack (5.0.0) lib/action_dispatch/middleware/request_id.rb:24:in `call'
rack (2.0.1) lib/rack/method_override.rb:22:in `call'
rack (2.0.1) lib/rack/runtime.rb:22:in `call'
activesupport (5.0.0) lib/active_support/cache/strategy/local_cache_middleware.rb:28:in `call'
actionpack (5.0.0) lib/action_dispatch/middleware/executor.rb:12:in `call'
actionpack (5.0.0) lib/action_dispatch/middleware/static.rb:136:in `call'
rack (2.0.1) lib/rack/sendfile.rb:111:in `call'
railties (5.0.0) lib/rails/engine.rb:522:in `call'
puma (3.4.0) lib/puma/configuration.rb:224:in `call'
puma (3.4.0) lib/puma/server.rb:569:in `handle_request'
puma (3.4.0) lib/puma/server.rb:406:in `process_client'
puma (3.4.0) lib/puma/server.rb:271:in `block in run'
puma (3.4.0) lib/puma/thread_pool.rb:114:in `block in spawn_thread'
  Rendering /var/lib/gems/2.3.0/gems/actionpack-5.0.0/lib/action_dispatch/middleware/templates/rescues/diagnostics.html.erb within rescues/layout
  Rendering /var/lib/gems/2.3.0/gems/actionpack-5.0.0/lib/action_dispatch/middleware/templates/rescues/_source.html.erb
  Rendered /var/lib/gems/2.3.0/gems/actionpack-5.0.0/lib/action_dispatch/middleware/templates/rescues/_source.html.erb (10.4ms)
  Rendering /var/lib/gems/2.3.0/gems/actionpack-5.0.0/lib/action_dispatch/middleware/templates/rescues/_trace.html.erb
  Rendered /var/lib/gems/2.3.0/gems/actionpack-5.0.0/lib/action_dispatch/middleware/templates/rescues/_trace.html.erb (5.1ms)
  Rendering /var/lib/gems/2.3.0/gems/actionpack-5.0.0/lib/action_dispatch/middleware/templates/rescues/_request_and_response.html.erb
  Rendered /var/lib/gems/2.3.0/gems/actionpack-5.0.0/lib/action_dispatch/middleware/templates/rescues/_request_and_response.html.erb (1.9ms)
  Rendered /var/lib/gems/2.3.0/gems/actionpack-5.0.0/lib/action_dispatch/middleware/templates/rescues/diagnostics.html.erb within rescues/layout (82.7ms)
  Rendering /var/lib/gems/2.3.0/gems/web-console-3.1.1/lib/web_console/templates/index.html.erb
  Rendered /var/lib/gems/2.3.0/gems/web-console-3.1.1/lib/web_console/templates/_markup.html.erb (1.1ms)
  Rendering /var/lib/gems/2.3.0/gems/web-console-3.1.1/lib/web_console/templates/console.js.erb within layouts/javascript
  Rendering /var/lib/gems/2.3.0/gems/web-console-3.1.1/lib/web_console/templates/_inner_console_markup.html.erb within layouts/inlined_string
  Rendered /var/lib/gems/2.3.0/gems/web-console-3.1.1/lib/web_console/templates/_inner_console_markup.html.erb within layouts/inlined_string (0.9ms)
  Rendering /var/lib/gems/2.3.0/gems/web-console-3.1.1/lib/web_console/templates/_prompt_box_markup.html.erb within layouts/inlined_string
  Rendered /var/lib/gems/2.3.0/gems/web-console-3.1.1/lib/web_console/templates/_prompt_box_markup.html.erb within layouts/inlined_string (0.8ms)
  Rendering /var/lib/gems/2.3.0/gems/web-console-3.1.1/lib/web_console/templates/style.css.erb within layouts/inlined_string
  Rendered /var/lib/gems/2.3.0/gems/web-console-3.1.1/lib/web_console/templates/style.css.erb within layouts/inlined_string (0.9ms)
  Rendered /var/lib/gems/2.3.0/gems/web-console-3.1.1/lib/web_console/templates/console.js.erb within layouts/javascript (49.4ms)
  Rendering /var/lib/gems/2.3.0/gems/web-console-3.1.1/lib/web_console/templates/main.js.erb within layouts/javascript
  Rendered /var/lib/gems/2.3.0/gems/web-console-3.1.1/lib/web_console/templates/main.js.erb within layouts/javascript (0.8ms)
  Rendered /var/lib/gems/2.3.0/gems/web-console-3.1.1/lib/web_console/templates/index.html.erb (87.3ms)
Started GET "/users" for 127.0.0.1 at 2016-07-12 16:04:50 -0400
  
AbstractController::ActionNotFound (The action 'index' could not be found for UsersController):
  
actionpack (5.0.0) lib/abstract_controller/base.rb:121:in `process'
actionview (5.0.0) lib/action_view/rendering.rb:30:in `process'
actionpack (5.0.0) lib/action_controller/metal.rb:190:in `dispatch'
actionpack (5.0.0) lib/action_controller/metal.rb:262:in `dispatch'
actionpack (5.0.0) lib/action_dispatch/routing/route_set.rb:50:in `dispatch'
actionpack (5.0.0) lib/action_dispatch/routing/route_set.rb:32:in `serve'
actionpack (5.0.0) lib/action_dispatch/journey/router.rb:39:in `block in serve'
actionpack (5.0.0) lib/action_dispatch/journey/router.rb:26:in `each'
actionpack (5.0.0) lib/action_dispatch/journey/router.rb:26:in `serve'
actionpack (5.0.0) lib/action_dispatch/routing/route_set.rb:725:in `call'
rack (2.0.1) lib/rack/etag.rb:25:in `call'
rack (2.0.1) lib/rack/conditional_get.rb:25:in `call'
rack (2.0.1) lib/rack/head.rb:12:in `call'
rack (2.0.1) lib/rack/session/abstract/id.rb:222:in `context'
rack (2.0.1) lib/rack/session/abstract/id.rb:216:in `call'
actionpack (5.0.0) lib/action_dispatch/middleware/cookies.rb:613:in `call'
activerecord (5.0.0) lib/active_record/migration.rb:552:in `call'
actionpack (5.0.0) lib/action_dispatch/middleware/callbacks.rb:38:in `block in call'
activesupport (5.0.0) lib/active_support/callbacks.rb:97:in `__run_callbacks__'
activesupport (5.0.0) lib/active_support/callbacks.rb:750:in `_run_call_callbacks'
activesupport (5.0.0) lib/active_support/callbacks.rb:90:in `run_callbacks'
actionpack (5.0.0) lib/action_dispatch/middleware/callbacks.rb:36:in `call'
actionpack (5.0.0) lib/action_dispatch/middleware/executor.rb:12:in `call'
actionpack (5.0.0) lib/action_dispatch/middleware/remote_ip.rb:79:in `call'
actionpack (5.0.0) lib/action_dispatch/middleware/debug_exceptions.rb:49:in `call'
web-console (3.1.1) lib/web_console/middleware.rb:131:in `call_app'
web-console (3.1.1) lib/web_console/middleware.rb:28:in `block in call'
web-console (3.1.1) lib/web_console/middleware.rb:18:in `catch'
web-console (3.1.1) lib/web_console/middleware.rb:18:in `call'
actionpack (5.0.0) lib/action_dispatch/middleware/show_exceptions.rb:31:in `call'
railties (5.0.0) lib/rails/rack/logger.rb:36:in `call_app'
railties (5.0.0) lib/rails/rack/logger.rb:24:in `block in call'
activesupport (5.0.0) lib/active_support/tagged_logging.rb:70:in `block in tagged'
activesupport (5.0.0) lib/active_support/tagged_logging.rb:26:in `tagged'
activesupport (5.0.0) lib/active_support/tagged_logging.rb:70:in `tagged'
railties (5.0.0) lib/rails/rack/logger.rb:24:in `call'
sprockets-rails (3.1.1) lib/sprockets/rails/quiet_assets.rb:13:in `call'
actionpack (5.0.0) lib/action_dispatch/middleware/request_id.rb:24:in `call'
rack (2.0.1) lib/rack/method_override.rb:22:in `call'
rack (2.0.1) lib/rack/runtime.rb:22:in `call'
activesupport (5.0.0) lib/active_support/cache/strategy/local_cache_middleware.rb:28:in `call'
actionpack (5.0.0) lib/action_dispatch/middleware/executor.rb:12:in `call'
actionpack (5.0.0) lib/action_dispatch/middleware/static.rb:136:in `call'
rack (2.0.1) lib/rack/sendfile.rb:111:in `call'
railties (5.0.0) lib/rails/engine.rb:522:in `call'
puma (3.4.0) lib/puma/configuration.rb:224:in `call'
puma (3.4.0) lib/puma/server.rb:569:in `handle_request'
puma (3.4.0) lib/puma/server.rb:406:in `process_client'
puma (3.4.0) lib/puma/server.rb:271:in `block in run'
puma (3.4.0) lib/puma/thread_pool.rb:114:in `block in spawn_thread'
  Rendering /var/lib/gems/2.3.0/gems/actionpack-5.0.0/lib/action_dispatch/middleware/templates/rescues/unknown_action.html.erb within rescues/layout
  Rendered /var/lib/gems/2.3.0/gems/actionpack-5.0.0/lib/action_dispatch/middleware/templates/rescues/unknown_action.html.erb within rescues/layout (1.1ms)
  Rendering /var/lib/gems/2.3.0/gems/web-console-3.1.1/lib/web_console/templates/index.html.erb
  Rendered /var/lib/gems/2.3.0/gems/web-console-3.1.1/lib/web_console/templates/_markup.html.erb (1.0ms)
  Rendering /var/lib/gems/2.3.0/gems/web-console-3.1.1/lib/web_console/templates/console.js.erb within layouts/javascript
  Rendering /var/lib/gems/2.3.0/gems/web-console-3.1.1/lib/web_console/templates/_inner_console_markup.html.erb within layouts/inlined_string
  Rendered /var/lib/gems/2.3.0/gems/web-console-3.1.1/lib/web_console/templates/_inner_console_markup.html.erb within layouts/inlined_string (0.9ms)
  Rendering /var/lib/gems/2.3.0/gems/web-console-3.1.1/lib/web_console/templates/_prompt_box_markup.html.erb within layouts/inlined_string
  Rendered /var/lib/gems/2.3.0/gems/web-console-3.1.1/lib/web_console/templates/_prompt_box_markup.html.erb within layouts/inlined_string (0.8ms)
  Rendering /var/lib/gems/2.3.0/gems/web-console-3.1.1/lib/web_console/templates/style.css.erb within layouts/inlined_string
  Rendered /var/lib/gems/2.3.0/gems/web-console-3.1.1/lib/web_console/templates/style.css.erb within layouts/inlined_string (0.9ms)
  Rendered /var/lib/gems/2.3.0/gems/web-console-3.1.1/lib/web_console/templates/console.js.erb within layouts/javascript (50.9ms)
  Rendering /var/lib/gems/2.3.0/gems/web-console-3.1.1/lib/web_console/templates/main.js.erb within layouts/javascript
  Rendered /var/lib/gems/2.3.0/gems/web-console-3.1.1/lib/web_console/templates/main.js.erb within layouts/javascript (0.8ms)
  Rendered /var/lib/gems/2.3.0/gems/web-console-3.1.1/lib/web_console/templates/index.html.erb (90.6ms)
Started GET "/signup" for 127.0.0.1 at 2016-07-12 16:09:21 -0400
Processing by UsersController#new as HTML
  Rendering users/new.html.erb within layouts/application
  Rendered shared/_error_messages.html.erb (1.7ms)
  Rendered users/new.html.erb within layouts/application (14.9ms)
  Rendered layouts/_shim.html.erb (1.1ms)
  Rendered layouts/_header.html.erb (1.5ms)
  Rendered layouts/_footer.html.erb (1.4ms)
Completed 200 OK in 854ms (Views: 792.1ms | ActiveRecord: 2.7ms)


Started POST "/users" for 127.0.0.1 at 2016-07-12 16:10:07 -0400
Processing by UsersController#create as HTML
  Parameters: {"utf8"=>"✓", "authenticity_token"=>"FkV57mrMJT9cZFedG9pQBnef6qzeXzfNXmAe3dDpJMoHY0EHGfEMuSyI1Gpr3cyErz2onBh7W4fEpc63ndLbJQ==", "user"=>{"name"=>"Pika Chu", "email"=>"pikapi@pallet.town", "password"=>"[FILTERED]", "password_confirmation"=>"[FILTERED]"}, "commit"=>"Create my account"}
  [1m[35m (0.2ms)[0m  [1m[36mbegin transaction[0m
  [1m[36mUser Exists (14.3ms)[0m  [1m[34mSELECT  1 AS one FROM "users" WHERE LOWER("users"."email") = LOWER(?) LIMIT ?[0m  [["email", "pikapi@pallet.town"], ["LIMIT", 1]]
  [1m[35mSQL (4.3ms)[0m  [1m[32mINSERT INTO "users" ("name", "email", "created_at", "updated_at", "password_digest") VALUES (?, ?, ?, ?, ?)[0m  [["name", "Pika Chu"], ["email", "pikapi@pallet.town"], ["created_at", 2016-07-12 20:10:07 UTC], ["updated_at", 2016-07-12 20:10:07 UTC], ["password_digest", "$2a$10$FZudL7kS6YPGgRWsj8QSOeXFLMV36i2hh.HrC/9zeS/HLAkNPwwBW"]]
  [1m[35m (63.6ms)[0m  [1m[36mcommit transaction[0m
Redirected to http://localhost:3000/users/9
Completed 302 Found in 201ms (ActiveRecord: 82.4ms)


Started GET "/users/9" for 127.0.0.1 at 2016-07-12 16:10:07 -0400
Processing by UsersController#show as HTML
  Parameters: {"id"=>"9"}
  [1m[36mUser Load (0.5ms)[0m  [1m[34mSELECT  "users".* FROM "users" WHERE "users"."id" = ? LIMIT ?[0m  [["id", 9], ["LIMIT", 1]]
  Rendering users/show.html.erb within layouts/application
  Rendered users/show.html.erb within layouts/application (1.6ms)
  Rendered layouts/_shim.html.erb (0.8ms)
  Rendered layouts/_header.html.erb (1.9ms)
  Rendered layouts/_footer.html.erb (1.7ms)
Completed 200 OK in 343ms (Views: 287.5ms | ActiveRecord: 0.5ms)


Started GET "/users/9" for 127.0.0.1 at 2016-07-12 16:10:51 -0400
Processing by UsersController#show as HTML
  Parameters: {"id"=>"9"}
  [1m[36mUser Load (0.2ms)[0m  [1m[34mSELECT  "users".* FROM "users" WHERE "users"."id" = ? LIMIT ?[0m  [["id", 9], ["LIMIT", 1]]
  Rendering users/show.html.erb within layouts/application
  Rendered users/show.html.erb within layouts/application (1.5ms)
  Rendered layouts/_shim.html.erb (0.8ms)
  Rendered layouts/_header.html.erb (2.1ms)
  Rendered layouts/_footer.html.erb (1.2ms)
Completed 200 OK in 151ms (Views: 142.1ms | ActiveRecord: 0.2ms)


Started GET "/users/9" for 127.0.0.1 at 2016-07-12 16:11:00 -0400
Processing by UsersController#show as HTML
  Parameters: {"id"=>"9"}
  [1m[36mUser Load (0.2ms)[0m  [1m[34mSELECT  "users".* FROM "users" WHERE "users"."id" = ? LIMIT ?[0m  [["id", 9], ["LIMIT", 1]]
  Rendering users/show.html.erb within layouts/application
  Rendered users/show.html.erb within layouts/application (2.6ms)
  Rendered layouts/_shim.html.erb (0.7ms)
  Rendered layouts/_header.html.erb (1.5ms)
  Rendered layouts/_footer.html.erb (1.3ms)
Completed 200 OK in 298ms (Views: 294.0ms | ActiveRecord: 0.2ms)


Started GET "/" for 127.0.0.1 at 2016-07-12 16:17:24 -0400
Processing by StaticPagesController#home as HTML
  Rendering static_pages/home.html.erb within layouts/application
  Rendered static_pages/home.html.erb within layouts/application (22.7ms)
  Rendered layouts/_shim.html.erb (0.7ms)
  Rendered layouts/_header.html.erb (1.8ms)
  Rendered layouts/_footer.html.erb (1.7ms)
Completed 200 OK in 316ms (Views: 296.3ms | ActiveRecord: 0.0ms)


Started GET "/signup" for 127.0.0.1 at 2016-07-12 16:17:26 -0400
Processing by UsersController#new as HTML
  Rendering users/new.html.erb within layouts/application
  Rendered shared/_error_messages.html.erb (1.7ms)
  Rendered users/new.html.erb within layouts/application (28.4ms)
  Rendered layouts/_shim.html.erb (0.8ms)
  Rendered layouts/_header.html.erb (1.7ms)
  Rendered layouts/_footer.html.erb (1.2ms)
Completed 200 OK in 304ms (Views: 300.1ms | ActiveRecord: 0.0ms)


Started POST "/users" for 127.0.0.1 at 2016-07-12 16:18:19 -0400
Processing by UsersController#create as HTML
  Parameters: {"utf8"=>"✓", "authenticity_token"=>"/saA66v/Cy31W2MO4hPpxp2lmdtqcfH+ger/WpIef+6t/W4cS4uUG6fFqU+IStQjkExxUe2PXV5n1BaKay6iXQ==", "user"=>{"name"=>"Sora Hartl", "email"=>"kh@islight.com", "password"=>"[FILTERED]", "password_confirmation"=>"[FILTERED]"}, "commit"=>"Create my account"}
  [1m[35m (0.7ms)[0m  [1m[36mbegin transaction[0m
  [1m[36mUser Exists (0.4ms)[0m  [1m[34mSELECT  1 AS one FROM "users" WHERE LOWER("users"."email") = LOWER(?) LIMIT ?[0m  [["email", "kh@islight.com"], ["LIMIT", 1]]
  [1m[35mSQL (4.8ms)[0m  [1m[32mINSERT INTO "users" ("name", "email", "created_at", "updated_at", "password_digest") VALUES (?, ?, ?, ?, ?)[0m  [["name", "Sora Hartl"], ["email", "kh@islight.com"], ["created_at", 2016-07-12 20:18:19 UTC], ["updated_at", 2016-07-12 20:18:19 UTC], ["password_digest", "$2a$10$aDq8Hu/xj2t/zeb5YGsOCOgJ2aB/5zEaQWIaFqJOpy0rEZu5qbRFq"]]
  [1m[35m (58.3ms)[0m  [1m[36mcommit transaction[0m
Redirected to http://localhost:3000/users/10
Completed 302 Found in 174ms (ActiveRecord: 64.2ms)


Started GET "/users/10" for 127.0.0.1 at 2016-07-12 16:18:19 -0400
Processing by UsersController#show as HTML
  Parameters: {"id"=>"10"}
  [1m[36mUser Load (0.8ms)[0m  [1m[34mSELECT  "users".* FROM "users" WHERE "users"."id" = ? LIMIT ?[0m  [["id", 10], ["LIMIT", 1]]
  Rendering users/show.html.erb within layouts/application
  Rendered users/show.html.erb within layouts/application (1.5ms)
  Rendered layouts/_shim.html.erb (0.9ms)
  Rendered layouts/_header.html.erb (1.6ms)
  Rendered layouts/_footer.html.erb (1.2ms)
Completed 200 OK in 118ms (Views: 113.3ms | ActiveRecord: 0.8ms)


Started GET "/" for 127.0.0.1 at 2016-07-12 16:18:40 -0400
Processing by StaticPagesController#home as HTML
  Rendering static_pages/home.html.erb within layouts/application
  Rendered static_pages/home.html.erb within layouts/application (7.9ms)
  Rendered layouts/_shim.html.erb (0.8ms)
  Rendered layouts/_header.html.erb (1.6ms)
  Rendered layouts/_footer.html.erb (1.2ms)
Completed 200 OK in 169ms (Views: 166.2ms | ActiveRecord: 0.0ms)


Started GET "/signup" for 127.0.0.1 at 2016-07-12 16:18:42 -0400
Processing by UsersController#new as HTML
  Rendering users/new.html.erb within layouts/application
  Rendered shared/_error_messages.html.erb (1.3ms)
  Rendered users/new.html.erb within layouts/application (11.4ms)
  Rendered layouts/_shim.html.erb (0.8ms)
  Rendered layouts/_header.html.erb (1.6ms)
  Rendered layouts/_footer.html.erb (2.6ms)
Completed 200 OK in 279ms (Views: 242.5ms | ActiveRecord: 4.4ms)


Started POST "/users" for 127.0.0.1 at 2016-07-12 16:19:09 -0400
Processing by UsersController#create as HTML
  Parameters: {"utf8"=>"✓", "authenticity_token"=>"LOK6nR8VDlZfA85iP6E0pfMOlhcqo/Gn7SItRLaAykx/2VRq/2GRYA2dBCNV+AlA/ud+na1dXQcLHMSUT7AX/w==", "user"=>{"name"=>"Ash Ketchum", "email"=>"chump@lavender.gym", "password"=>"[FILTERED]", "password_confirmation"=>"[FILTERED]"}, "commit"=>"Create my account"}
  [1m[35m (0.2ms)[0m  [1m[36mbegin transaction[0m
  [1m[36mUser Exists (0.4ms)[0m  [1m[34mSELECT  1 AS one FROM "users" WHERE LOWER("users"."email") = LOWER(?) LIMIT ?[0m  [["email", "chump@lavender.gym"], ["LIMIT", 1]]
  [1m[35mSQL (2.1ms)[0m  [1m[32mINSERT INTO "users" ("name", "email", "created_at", "updated_at", "password_digest") VALUES (?, ?, ?, ?, ?)[0m  [["name", "Ash Ketchum"], ["email", "chump@lavender.gym"], ["created_at", 2016-07-12 20:19:09 UTC], ["updated_at", 2016-07-12 20:19:09 UTC], ["password_digest", "$2a$10$VUAX4XWj01dYswAOqB8P.eH7/MmEzv45C7HqQYoNzBo1KuVnS4dT6"]]
  [1m[35m (53.1ms)[0m  [1m[36mcommit transaction[0m
Redirected to http://localhost:3000/users/11
Completed 302 Found in 175ms (ActiveRecord: 55.8ms)


Started GET "/users/11" for 127.0.0.1 at 2016-07-12 16:19:09 -0400
Processing by UsersController#show as HTML
  Parameters: {"id"=>"11"}
  [1m[36mUser Load (0.5ms)[0m  [1m[34mSELECT  "users".* FROM "users" WHERE "users"."id" = ? LIMIT ?[0m  [["id", 11], ["LIMIT", 1]]
  Rendering users/show.html.erb within layouts/application
  Rendered users/show.html.erb within layouts/application (1.5ms)
  Rendered layouts/_shim.html.erb (0.8ms)
  Rendered layouts/_header.html.erb (1.6ms)
  Rendered layouts/_footer.html.erb (1.2ms)
Completed 200 OK in 151ms (Views: 144.9ms | ActiveRecord: 0.5ms)


Started GET "/" for 127.0.0.1 at 2016-07-12 16:34:38 -0400
Processing by StaticPagesController#home as HTML
  Rendering static_pages/home.html.erb within layouts/application
  Rendered static_pages/home.html.erb within layouts/application (28.4ms)
  Rendered layouts/_shim.html.erb (0.8ms)
  Rendered layouts/_header.html.erb (1.6ms)
  Rendered layouts/_footer.html.erb (1.3ms)
Completed 200 OK in 444ms (Views: 441.7ms | ActiveRecord: 0.0ms)


Started GET "/signup" for 127.0.0.1 at 2016-07-12 16:40:41 -0400
Processing by UsersController#new as HTML
  Rendering users/new.html.erb within layouts/application
  Rendered shared/_error_messages.html.erb (1.4ms)
  Rendered users/new.html.erb within layouts/application (11.2ms)
  Rendered layouts/_shim.html.erb (0.8ms)
  Rendered layouts/_header.html.erb (1.5ms)
  Rendered layouts/_footer.html.erb (1.2ms)
Completed 200 OK in 286ms (Views: 283.0ms | ActiveRecord: 0.0ms)


Started POST "/users" for 127.0.0.1 at 2016-07-12 16:41:15 -0400
Processing by UsersController#create as HTML
  Parameters: {"utf8"=>"✓", "authenticity_token"=>"4Ee9znqxuQ0G+tuzuVc0M1p0a87ryQEVmBfULxJWwPuzfFM5msUmO1RkEfLTDgnWV52DRGw3rbV+KT3/62YdSA==", "user"=>{"name"=>"Charlie Rose", "email"=>"actor@studio.com", "password"=>"[FILTERED]", "password_confirmation"=>"[FILTERED]"}, "commit"=>"Create my account"}
  [1m[35m (0.2ms)[0m  [1m[36mbegin transaction[0m
  [1m[36mUser Exists (0.4ms)[0m  [1m[34mSELECT  1 AS one FROM "users" WHERE LOWER("users"."email") = LOWER(?) LIMIT ?[0m  [["email", "actor@studio.com"], ["LIMIT", 1]]
  [1m[35mSQL (4.9ms)[0m  [1m[32mINSERT INTO "users" ("name", "email", "created_at", "updated_at", "password_digest") VALUES (?, ?, ?, ?, ?)[0m  [["name", "Charlie Rose"], ["email", "actor@studio.com"], ["created_at", 2016-07-12 20:41:15 UTC], ["updated_at", 2016-07-12 20:41:15 UTC], ["password_digest", "$2a$10$hShgtVFgcZrGlWxqhsRZM.aHR4maUGQu2Ms9Pdes5UydRgLbPRpEW"]]
  [1m[35m (58.3ms)[0m  [1m[36mcommit transaction[0m
Redirected to http://localhost:3000/users/12
Completed 302 Found in 183ms (ActiveRecord: 63.8ms)


Started GET "/users/12" for 127.0.0.1 at 2016-07-12 16:41:15 -0400
Processing by UsersController#show as HTML
  Parameters: {"id"=>"12"}
  [1m[36mUser Load (0.2ms)[0m  [1m[34mSELECT  "users".* FROM "users" WHERE "users"."id" = ? LIMIT ?[0m  [["id", 12], ["LIMIT", 1]]
  Rendering users/show.html.erb within layouts/application
  Rendered users/show.html.erb within layouts/application (1.5ms)
  Rendered layouts/_shim.html.erb (0.8ms)
  Rendered layouts/_header.html.erb (1.6ms)
  Rendered layouts/_footer.html.erb (1.3ms)
Completed 200 OK in 225ms (Views: 194.9ms | ActiveRecord: 0.2ms)


  [1m[36mUser Load (635.1ms)[0m  [1m[34mSELECT "users".* FROM "users"[0m
  [1m[36mActiveRecord::SchemaMigration Load (15.8ms)[0m  [1m[34mSELECT "schema_migrations".* FROM "schema_migrations"[0m
  [1m[35m (0.4ms)[0m  [1m[34mSELECT "ar_internal_metadata"."value" FROM "ar_internal_metadata" WHERE "ar_internal_metadata"."key" = ?[0m  [["key", :environment]]
  [1m[36mActiveRecord::SchemaMigration Load (0.2ms)[0m  [1m[34mSELECT "schema_migrations".* FROM "schema_migrations"[0m
  [1m[35m (0.2ms)[0m  [1m[34mSELECT "ar_internal_metadata"."value" FROM "ar_internal_metadata" WHERE "ar_internal_metadata"."key" = ?[0m  [["key", :environment]]
  [1m[36mActiveRecord::SchemaMigration Load (0.2ms)[0m  [1m[34mSELECT "schema_migrations".* FROM "schema_migrations"[0m
  [1m[35m (0.2ms)[0m  [1m[34mSELECT "ar_internal_metadata"."value" FROM "ar_internal_metadata" WHERE "ar_internal_metadata"."key" = ?[0m  [["key", :environment]]
  [1m[35m (348.2ms)[0m  [1m[35mCREATE TABLE "schema_migrations" ("version" varchar NOT NULL PRIMARY KEY)[0m
  [1m[35m (273.9ms)[0m  [1m[35mCREATE TABLE "ar_internal_metadata" ("key" varchar NOT NULL PRIMARY KEY, "value" varchar, "created_at" datetime NOT NULL, "updated_at" datetime NOT NULL)[0m
  [1m[36mActiveRecord::SchemaMigration Load (0.4ms)[0m  [1m[34mSELECT "schema_migrations".* FROM "schema_migrations"[0m
Migrating to CreateUsers (20160709145628)
  [1m[35m (0.2ms)[0m  [1m[36mbegin transaction[0m
  [1m[35m (2.5ms)[0m  [1m[35mCREATE TABLE "users" ("id" INTEGER PRIMARY KEY AUTOINCREMENT NOT NULL, "name" varchar, "email" varchar, "created_at" datetime NOT NULL, "updated_at" datetime NOT NULL)[0m
  [1m[35mSQL (0.9ms)[0m  [1m[32mINSERT INTO "schema_migrations" ("version") VALUES (?)[0m  [["version", "20160709145628"]]
  [1m[35m (247.6ms)[0m  [1m[36mcommit transaction[0m
Migrating to AddIndexToUsersEmail (20160709194105)
  [1m[35m (0.2ms)[0m  [1m[36mbegin transaction[0m
  [1m[35m (0.2ms)[0m  [1m[34mselect sqlite_version(*)[0m
  [1m[35m (2.0ms)[0m  [1m[35mCREATE UNIQUE INDEX "index_users_on_email" ON "users" ("email")[0m
  [1m[35mSQL (0.4ms)[0m  [1m[32mINSERT INTO "schema_migrations" ("version") VALUES (?)[0m  [["version", "20160709194105"]]
  [1m[35m (246.8ms)[0m  [1m[36mcommit transaction[0m
Migrating to AddPasswordDigestToUsers (20160709221745)
  [1m[35m (0.2ms)[0m  [1m[36mbegin transaction[0m
  [1m[35m (2.1ms)[0m  [1m[35mALTER TABLE "users" ADD "password_digest" varchar[0m
  [1m[35mSQL (0.7ms)[0m  [1m[32mINSERT INTO "schema_migrations" ("version") VALUES (?)[0m  [["version", "20160709221745"]]
  [1m[35m (338.4ms)[0m  [1m[36mcommit transaction[0m
  [1m[36mActiveRecord::InternalMetadata Load (0.6ms)[0m  [1m[34mSELECT  "ar_internal_metadata".* FROM "ar_internal_metadata" WHERE "ar_internal_metadata"."key" = ? LIMIT ?[0m  [["key", :environment], ["LIMIT", 1]]
  [1m[35m (0.2ms)[0m  [1m[36mbegin transaction[0m
  [1m[35mSQL (1.1ms)[0m  [1m[32mINSERT INTO "ar_internal_metadata" ("key", "value", "created_at", "updated_at") VALUES (?, ?, ?, ?)[0m  [["key", "environment"], ["value", "development"], ["created_at", 2016-07-12 21:33:37 UTC], ["updated_at", 2016-07-12 21:33:37 UTC]]
  [1m[35m (427.9ms)[0m  [1m[36mcommit transaction[0m
  [1m[36mActiveRecord::SchemaMigration Load (0.3ms)[0m  [1m[34mSELECT "schema_migrations".* FROM "schema_migrations"[0m
  [1m[35m (0.3ms)[0m  [1m[34m            SELECT sql
            FROM sqlite_master
            WHERE name='index_users_on_email' AND type='index'
            UNION ALL
            SELECT sql
            FROM sqlite_temp_master
            WHERE name='index_users_on_email' AND type='index'
[0m
  [1m[36mUser Load (3.5ms)[0m  [1m[34mSELECT "users".* FROM "users"[0m
Started GET "/users/12" for 127.0.0.1 at 2016-07-12 17:51:30 -0400
Processing by UsersController#show as HTML
  Parameters: {"id"=>"12"}
  [1m[36mUser Load (23.9ms)[0m  [1m[34mSELECT  "users".* FROM "users" WHERE "users"."id" = ? LIMIT ?[0m  [["id", 12], ["LIMIT", 1]]
Completed 404 Not Found in 132ms (ActiveRecord: 36.6ms)


  
ActiveRecord::RecordNotFound (Couldn't find User with 'id'=12):
  
app/controllers/users_controller.rb:7:in `show'
  Rendering /var/lib/gems/2.3.0/gems/actionpack-5.0.0/lib/action_dispatch/middleware/templates/rescues/diagnostics.html.erb within rescues/layout
  Rendering /var/lib/gems/2.3.0/gems/actionpack-5.0.0/lib/action_dispatch/middleware/templates/rescues/_source.html.erb
  Rendered /var/lib/gems/2.3.0/gems/actionpack-5.0.0/lib/action_dispatch/middleware/templates/rescues/_source.html.erb (148.8ms)
  Rendering /var/lib/gems/2.3.0/gems/actionpack-5.0.0/lib/action_dispatch/middleware/templates/rescues/_trace.html.erb
  Rendered /var/lib/gems/2.3.0/gems/actionpack-5.0.0/lib/action_dispatch/middleware/templates/rescues/_trace.html.erb (7.6ms)
  Rendering /var/lib/gems/2.3.0/gems/actionpack-5.0.0/lib/action_dispatch/middleware/templates/rescues/_request_and_response.html.erb
  Rendered /var/lib/gems/2.3.0/gems/actionpack-5.0.0/lib/action_dispatch/middleware/templates/rescues/_request_and_response.html.erb (35.7ms)
  Rendered /var/lib/gems/2.3.0/gems/actionpack-5.0.0/lib/action_dispatch/middleware/templates/rescues/diagnostics.html.erb within rescues/layout (326.1ms)
  Rendering /var/lib/gems/2.3.0/gems/web-console-3.1.1/lib/web_console/templates/index.html.erb
  Rendered /var/lib/gems/2.3.0/gems/web-console-3.1.1/lib/web_console/templates/_markup.html.erb (5.2ms)
  Rendering /var/lib/gems/2.3.0/gems/web-console-3.1.1/lib/web_console/templates/console.js.erb within layouts/javascript
  Rendering /var/lib/gems/2.3.0/gems/web-console-3.1.1/lib/web_console/templates/_inner_console_markup.html.erb within layouts/inlined_string
  Rendered /var/lib/gems/2.3.0/gems/web-console-3.1.1/lib/web_console/templates/_inner_console_markup.html.erb within layouts/inlined_string (17.8ms)
  Rendering /var/lib/gems/2.3.0/gems/web-console-3.1.1/lib/web_console/templates/_prompt_box_markup.html.erb within layouts/inlined_string
  Rendered /var/lib/gems/2.3.0/gems/web-console-3.1.1/lib/web_console/templates/_prompt_box_markup.html.erb within layouts/inlined_string (7.4ms)
  Rendering /var/lib/gems/2.3.0/gems/web-console-3.1.1/lib/web_console/templates/style.css.erb within layouts/inlined_string
  Rendered /var/lib/gems/2.3.0/gems/web-console-3.1.1/lib/web_console/templates/style.css.erb within layouts/inlined_string (34.1ms)
  Rendered /var/lib/gems/2.3.0/gems/web-console-3.1.1/lib/web_console/templates/console.js.erb within layouts/javascript (467.5ms)
  Rendering /var/lib/gems/2.3.0/gems/web-console-3.1.1/lib/web_console/templates/main.js.erb within layouts/javascript
  Rendered /var/lib/gems/2.3.0/gems/web-console-3.1.1/lib/web_console/templates/main.js.erb within layouts/javascript (0.9ms)
  Rendered /var/lib/gems/2.3.0/gems/web-console-3.1.1/lib/web_console/templates/index.html.erb (713.3ms)
Started GET "/" for 127.0.0.1 at 2016-07-12 17:51:41 -0400
Processing by StaticPagesController#home as HTML
  Rendering static_pages/home.html.erb within layouts/application
  Rendered static_pages/home.html.erb within layouts/application (183.0ms)
  Rendered layouts/_shim.html.erb (0.8ms)
  Rendered layouts/_header.html.erb (54.8ms)
  Rendered layouts/_footer.html.erb (1.4ms)
Completed 200 OK in 3114ms (Views: 3062.1ms | ActiveRecord: 0.0ms)


Started GET "/users" for 127.0.0.1 at 2016-07-12 17:51:50 -0400
  
AbstractController::ActionNotFound (The action 'index' could not be found for UsersController):
  
actionpack (5.0.0) lib/abstract_controller/base.rb:121:in `process'
actionview (5.0.0) lib/action_view/rendering.rb:30:in `process'
actionpack (5.0.0) lib/action_controller/metal.rb:190:in `dispatch'
actionpack (5.0.0) lib/action_controller/metal.rb:262:in `dispatch'
actionpack (5.0.0) lib/action_dispatch/routing/route_set.rb:50:in `dispatch'
actionpack (5.0.0) lib/action_dispatch/routing/route_set.rb:32:in `serve'
actionpack (5.0.0) lib/action_dispatch/journey/router.rb:39:in `block in serve'
actionpack (5.0.0) lib/action_dispatch/journey/router.rb:26:in `each'
actionpack (5.0.0) lib/action_dispatch/journey/router.rb:26:in `serve'
actionpack (5.0.0) lib/action_dispatch/routing/route_set.rb:725:in `call'
rack (2.0.1) lib/rack/etag.rb:25:in `call'
rack (2.0.1) lib/rack/conditional_get.rb:25:in `call'
rack (2.0.1) lib/rack/head.rb:12:in `call'
rack (2.0.1) lib/rack/session/abstract/id.rb:222:in `context'
rack (2.0.1) lib/rack/session/abstract/id.rb:216:in `call'
actionpack (5.0.0) lib/action_dispatch/middleware/cookies.rb:613:in `call'
activerecord (5.0.0) lib/active_record/migration.rb:552:in `call'
actionpack (5.0.0) lib/action_dispatch/middleware/callbacks.rb:38:in `block in call'
activesupport (5.0.0) lib/active_support/callbacks.rb:97:in `__run_callbacks__'
activesupport (5.0.0) lib/active_support/callbacks.rb:750:in `_run_call_callbacks'
activesupport (5.0.0) lib/active_support/callbacks.rb:90:in `run_callbacks'
actionpack (5.0.0) lib/action_dispatch/middleware/callbacks.rb:36:in `call'
actionpack (5.0.0) lib/action_dispatch/middleware/executor.rb:12:in `call'
actionpack (5.0.0) lib/action_dispatch/middleware/remote_ip.rb:79:in `call'
actionpack (5.0.0) lib/action_dispatch/middleware/debug_exceptions.rb:49:in `call'
web-console (3.1.1) lib/web_console/middleware.rb:131:in `call_app'
web-console (3.1.1) lib/web_console/middleware.rb:28:in `block in call'
web-console (3.1.1) lib/web_console/middleware.rb:18:in `catch'
web-console (3.1.1) lib/web_console/middleware.rb:18:in `call'
actionpack (5.0.0) lib/action_dispatch/middleware/show_exceptions.rb:31:in `call'
railties (5.0.0) lib/rails/rack/logger.rb:36:in `call_app'
railties (5.0.0) lib/rails/rack/logger.rb:24:in `block in call'
activesupport (5.0.0) lib/active_support/tagged_logging.rb:70:in `block in tagged'
activesupport (5.0.0) lib/active_support/tagged_logging.rb:26:in `tagged'
activesupport (5.0.0) lib/active_support/tagged_logging.rb:70:in `tagged'
railties (5.0.0) lib/rails/rack/logger.rb:24:in `call'
sprockets-rails (3.1.1) lib/sprockets/rails/quiet_assets.rb:13:in `call'
actionpack (5.0.0) lib/action_dispatch/middleware/request_id.rb:24:in `call'
rack (2.0.1) lib/rack/method_override.rb:22:in `call'
rack (2.0.1) lib/rack/runtime.rb:22:in `call'
activesupport (5.0.0) lib/active_support/cache/strategy/local_cache_middleware.rb:28:in `call'
actionpack (5.0.0) lib/action_dispatch/middleware/executor.rb:12:in `call'
actionpack (5.0.0) lib/action_dispatch/middleware/static.rb:136:in `call'
rack (2.0.1) lib/rack/sendfile.rb:111:in `call'
railties (5.0.0) lib/rails/engine.rb:522:in `call'
puma (3.4.0) lib/puma/configuration.rb:224:in `call'
puma (3.4.0) lib/puma/server.rb:569:in `handle_request'
puma (3.4.0) lib/puma/server.rb:406:in `process_client'
puma (3.4.0) lib/puma/server.rb:271:in `block in run'
puma (3.4.0) lib/puma/thread_pool.rb:114:in `block in spawn_thread'
  Rendering /var/lib/gems/2.3.0/gems/actionpack-5.0.0/lib/action_dispatch/middleware/templates/rescues/unknown_action.html.erb within rescues/layout
  Rendered /var/lib/gems/2.3.0/gems/actionpack-5.0.0/lib/action_dispatch/middleware/templates/rescues/unknown_action.html.erb within rescues/layout (31.2ms)
  Rendering /var/lib/gems/2.3.0/gems/web-console-3.1.1/lib/web_console/templates/index.html.erb
  Rendered /var/lib/gems/2.3.0/gems/web-console-3.1.1/lib/web_console/templates/_markup.html.erb (6.4ms)
  Rendering /var/lib/gems/2.3.0/gems/web-console-3.1.1/lib/web_console/templates/console.js.erb within layouts/javascript
  Rendering /var/lib/gems/2.3.0/gems/web-console-3.1.1/lib/web_console/templates/_inner_console_markup.html.erb within layouts/inlined_string
  Rendered /var/lib/gems/2.3.0/gems/web-console-3.1.1/lib/web_console/templates/_inner_console_markup.html.erb within layouts/inlined_string (36.9ms)
  Rendering /var/lib/gems/2.3.0/gems/web-console-3.1.1/lib/web_console/templates/_prompt_box_markup.html.erb within layouts/inlined_string
  Rendered /var/lib/gems/2.3.0/gems/web-console-3.1.1/lib/web_console/templates/_prompt_box_markup.html.erb within layouts/inlined_string (21.3ms)
  Rendering /var/lib/gems/2.3.0/gems/web-console-3.1.1/lib/web_console/templates/style.css.erb within layouts/inlined_string
  Rendered /var/lib/gems/2.3.0/gems/web-console-3.1.1/lib/web_console/templates/style.css.erb within layouts/inlined_string (1.0ms)
  Rendered /var/lib/gems/2.3.0/gems/web-console-3.1.1/lib/web_console/templates/console.js.erb within layouts/javascript (209.2ms)
  Rendering /var/lib/gems/2.3.0/gems/web-console-3.1.1/lib/web_console/templates/main.js.erb within layouts/javascript
  Rendered /var/lib/gems/2.3.0/gems/web-console-3.1.1/lib/web_console/templates/main.js.erb within layouts/javascript (11.7ms)
  Rendered /var/lib/gems/2.3.0/gems/web-console-3.1.1/lib/web_console/templates/index.html.erb (294.1ms)
Started GET "/signup" for 127.0.0.1 at 2016-07-12 17:55:11 -0400
Processing by UsersController#new as HTML
  Rendering users/new.html.erb within layouts/application
  Rendered shared/_error_messages.html.erb (1.3ms)
  Rendered users/new.html.erb within layouts/application (86.6ms)
  Rendered layouts/_shim.html.erb (7.3ms)
  Rendered layouts/_header.html.erb (1.6ms)
  Rendered layouts/_footer.html.erb (1.4ms)
Completed 200 OK in 1135ms (Views: 899.9ms | ActiveRecord: 0.0ms)


Started POST "/users" for 127.0.0.1 at 2016-07-12 17:55:27 -0400
Processing by UsersController#create as HTML
  Parameters: {"utf8"=>"✓", "authenticity_token"=>"iUDLIfgLvd4E6H7eRaNw+R5ws+jpRn6ye7kssv9bcZXaeyXWGH8i6FZ2tJ8v+k0cE5lbYm640hKdh8ViBmusJg==", "user"=>{"name"=>"Rails Tutorial", "email"=>"example@railstutorial.org", "password"=>"[FILTERED]", "password_confirmation"=>"[FILTERED]"}, "commit"=>"Create my account"}
  [1m[35m (0.2ms)[0m  [1m[36mbegin transaction[0m
  [1m[36mUser Exists (0.4ms)[0m  [1m[34mSELECT  1 AS one FROM "users" WHERE LOWER("users"."email") = LOWER(?) LIMIT ?[0m  [["email", "example@railstutorial.org"], ["LIMIT", 1]]
  [1m[35mSQL (3.0ms)[0m  [1m[32mINSERT INTO "users" ("name", "email", "created_at", "updated_at", "password_digest") VALUES (?, ?, ?, ?, ?)[0m  [["name", "Rails Tutorial"], ["email", "example@railstutorial.org"], ["created_at", 2016-07-12 21:55:27 UTC], ["updated_at", 2016-07-12 21:55:27 UTC], ["password_digest", "$2a$10$x0R3XLrmoX73Nvf3cXLIZe6O0pD8Gzh2SiDSV/FqC.eOoQvjFhKo2"]]
  [1m[35m (93.2ms)[0m  [1m[36mcommit transaction[0m
Redirected to http://localhost:3000/users/1
Completed 302 Found in 257ms (ActiveRecord: 96.8ms)


Started GET "/users/1" for 127.0.0.1 at 2016-07-12 17:55:28 -0400
Processing by UsersController#show as HTML
  Parameters: {"id"=>"1"}
  [1m[36mUser Load (0.2ms)[0m  [1m[34mSELECT  "users".* FROM "users" WHERE "users"."id" = ? LIMIT ?[0m  [["id", 1], ["LIMIT", 1]]
  Rendering users/show.html.erb within layouts/application
  Rendered users/show.html.erb within layouts/application (2.0ms)
  Rendered layouts/_shim.html.erb (0.8ms)
  Rendered layouts/_header.html.erb (3.2ms)
  Rendered layouts/_footer.html.erb (11.6ms)
Completed 200 OK in 585ms (Views: 545.4ms | ActiveRecord: 0.2ms)


Started GET "/users/1" for 127.0.0.1 at 2016-07-12 17:56:12 -0400
Processing by UsersController#show as HTML
  Parameters: {"id"=>"1"}
  [1m[36mUser Load (0.3ms)[0m  [1m[34mSELECT  "users".* FROM "users" WHERE "users"."id" = ? LIMIT ?[0m  [["id", 1], ["LIMIT", 1]]
  Rendering users/show.html.erb within layouts/application
  Rendered users/show.html.erb within layouts/application (1.4ms)
  Rendered layouts/_shim.html.erb (0.8ms)
  Rendered layouts/_header.html.erb (5.1ms)
  Rendered layouts/_footer.html.erb (9.1ms)
Completed 200 OK in 531ms (Views: 527.0ms | ActiveRecord: 0.3ms)


  [1m[36mUser Load (0.5ms)[0m  [1m[34mSELECT  "users".* FROM "users" WHERE "users"."id" = ? LIMIT ?[0m  [["id", nil], ["LIMIT", 1]]
  [1m[36mUser Load (0.6ms)[0m  [1m[34mSELECT  "users".* FROM "users" WHERE "users"."email" = ? LIMIT ?[0m  [["email", "example@railstutorial.org"], ["LIMIT", 1]]
Started GET "/" for 127.0.0.1 at 2016-07-12 18:01:07 -0400
Processing by StaticPagesController#home as HTML
  Rendering static_pages/home.html.erb within layouts/application
  Rendered static_pages/home.html.erb within layouts/application (21.5ms)
  Rendered layouts/_shim.html.erb (5.3ms)
  Rendered layouts/_header.html.erb (1.6ms)
  Rendered layouts/_footer.html.erb (1.8ms)
Completed 200 OK in 491ms (Views: 488.5ms | ActiveRecord: 0.0ms)


Started GET "/signup" for 127.0.0.1 at 2016-07-12 18:01:08 -0400
Processing by UsersController#new as HTML
  Rendering users/new.html.erb within layouts/application
  Rendered shared/_error_messages.html.erb (1.7ms)
  Rendered users/new.html.erb within layouts/application (15.6ms)
  Rendered layouts/_shim.html.erb (0.8ms)
  Rendered layouts/_header.html.erb (1.6ms)
  Rendered layouts/_footer.html.erb (1.2ms)
Completed 200 OK in 491ms (Views: 482.6ms | ActiveRecord: 0.0ms)


Started GET "/" for 127.0.0.1 at 2016-07-12 18:28:55 -0400
Processing by StaticPagesController#home as HTML
  Rendering static_pages/home.html.erb within layouts/application
  Rendered static_pages/home.html.erb within layouts/application (502.2ms)
  Rendered layouts/_shim.html.erb (1.0ms)
  Rendered layouts/_header.html.erb (47.0ms)
  Rendered layouts/_footer.html.erb (30.0ms)
Completed 200 OK in 3676ms (Views: 3482.8ms | ActiveRecord: 0.0ms)


Started GET "/favicon.ico" for 127.0.0.1 at 2016-07-12 18:29:01 -0400
  
ActionController::RoutingError (No route matches [GET] "/favicon.ico"):
  
actionpack (5.0.0) lib/action_dispatch/middleware/debug_exceptions.rb:53:in `call'
web-console (3.1.1) lib/web_console/middleware.rb:131:in `call_app'
web-console (3.1.1) lib/web_console/middleware.rb:28:in `block in call'
web-console (3.1.1) lib/web_console/middleware.rb:18:in `catch'
web-console (3.1.1) lib/web_console/middleware.rb:18:in `call'
actionpack (5.0.0) lib/action_dispatch/middleware/show_exceptions.rb:31:in `call'
railties (5.0.0) lib/rails/rack/logger.rb:36:in `call_app'
railties (5.0.0) lib/rails/rack/logger.rb:24:in `block in call'
activesupport (5.0.0) lib/active_support/tagged_logging.rb:70:in `block in tagged'
activesupport (5.0.0) lib/active_support/tagged_logging.rb:26:in `tagged'
activesupport (5.0.0) lib/active_support/tagged_logging.rb:70:in `tagged'
railties (5.0.0) lib/rails/rack/logger.rb:24:in `call'
sprockets-rails (3.1.1) lib/sprockets/rails/quiet_assets.rb:13:in `call'
actionpack (5.0.0) lib/action_dispatch/middleware/request_id.rb:24:in `call'
rack (2.0.1) lib/rack/method_override.rb:22:in `call'
rack (2.0.1) lib/rack/runtime.rb:22:in `call'
activesupport (5.0.0) lib/active_support/cache/strategy/local_cache_middleware.rb:28:in `call'
actionpack (5.0.0) lib/action_dispatch/middleware/executor.rb:12:in `call'
actionpack (5.0.0) lib/action_dispatch/middleware/static.rb:136:in `call'
rack (2.0.1) lib/rack/sendfile.rb:111:in `call'
railties (5.0.0) lib/rails/engine.rb:522:in `call'
puma (3.4.0) lib/puma/configuration.rb:224:in `call'
puma (3.4.0) lib/puma/server.rb:569:in `handle_request'
puma (3.4.0) lib/puma/server.rb:406:in `process_client'
puma (3.4.0) lib/puma/server.rb:271:in `block in run'
puma (3.4.0) lib/puma/thread_pool.rb:114:in `block in spawn_thread'
  Rendering /var/lib/gems/2.3.0/gems/actionpack-5.0.0/lib/action_dispatch/middleware/templates/rescues/routing_error.html.erb within rescues/layout
  Rendering /var/lib/gems/2.3.0/gems/actionpack-5.0.0/lib/action_dispatch/middleware/templates/rescues/_trace.html.erb
  Rendered /var/lib/gems/2.3.0/gems/actionpack-5.0.0/lib/action_dispatch/middleware/templates/rescues/_trace.html.erb (36.4ms)
  Rendered collection of /var/lib/gems/2.3.0/gems/actionpack-5.0.0/lib/action_dispatch/middleware/templates/routes/_route.html.erb [14 times] (174.7ms)
  Rendered /var/lib/gems/2.3.0/gems/actionpack-5.0.0/lib/action_dispatch/middleware/templates/routes/_table.html.erb (27.3ms)
  Rendering /var/lib/gems/2.3.0/gems/actionpack-5.0.0/lib/action_dispatch/middleware/templates/rescues/_request_and_response.html.erb
  Rendered /var/lib/gems/2.3.0/gems/actionpack-5.0.0/lib/action_dispatch/middleware/templates/rescues/_request_and_response.html.erb (21.4ms)
  Rendered /var/lib/gems/2.3.0/gems/actionpack-5.0.0/lib/action_dispatch/middleware/templates/rescues/routing_error.html.erb within rescues/layout (431.1ms)
  Rendering /var/lib/gems/2.3.0/gems/web-console-3.1.1/lib/web_console/templates/index.html.erb
  Rendered /var/lib/gems/2.3.0/gems/web-console-3.1.1/lib/web_console/templates/_markup.html.erb (1.1ms)
  Rendering /var/lib/gems/2.3.0/gems/web-console-3.1.1/lib/web_console/templates/console.js.erb within layouts/javascript
  Rendering /var/lib/gems/2.3.0/gems/web-console-3.1.1/lib/web_console/templates/_inner_console_markup.html.erb within layouts/inlined_string
  Rendered /var/lib/gems/2.3.0/gems/web-console-3.1.1/lib/web_console/templates/_inner_console_markup.html.erb within layouts/inlined_string (0.9ms)
  Rendering /var/lib/gems/2.3.0/gems/web-console-3.1.1/lib/web_console/templates/_prompt_box_markup.html.erb within layouts/inlined_string
  Rendered /var/lib/gems/2.3.0/gems/web-console-3.1.1/lib/web_console/templates/_prompt_box_markup.html.erb within layouts/inlined_string (0.8ms)
  Rendering /var/lib/gems/2.3.0/gems/web-console-3.1.1/lib/web_console/templates/style.css.erb within layouts/inlined_string
  Rendered /var/lib/gems/2.3.0/gems/web-console-3.1.1/lib/web_console/templates/style.css.erb within layouts/inlined_string (1.0ms)
  Rendered /var/lib/gems/2.3.0/gems/web-console-3.1.1/lib/web_console/templates/console.js.erb within layouts/javascript (141.6ms)
  Rendering /var/lib/gems/2.3.0/gems/web-console-3.1.1/lib/web_console/templates/main.js.erb within layouts/javascript
  Rendered /var/lib/gems/2.3.0/gems/web-console-3.1.1/lib/web_console/templates/main.js.erb within layouts/javascript (1.0ms)
  Rendered /var/lib/gems/2.3.0/gems/web-console-3.1.1/lib/web_console/templates/index.html.erb (283.6ms)
Started GET "/favicon.ico" for 127.0.0.1 at 2016-07-12 18:29:02 -0400
  
ActionController::RoutingError (No route matches [GET] "/favicon.ico"):
  
actionpack (5.0.0) lib/action_dispatch/middleware/debug_exceptions.rb:53:in `call'
web-console (3.1.1) lib/web_console/middleware.rb:131:in `call_app'
web-console (3.1.1) lib/web_console/middleware.rb:28:in `block in call'
web-console (3.1.1) lib/web_console/middleware.rb:18:in `catch'
web-console (3.1.1) lib/web_console/middleware.rb:18:in `call'
actionpack (5.0.0) lib/action_dispatch/middleware/show_exceptions.rb:31:in `call'
railties (5.0.0) lib/rails/rack/logger.rb:36:in `call_app'
railties (5.0.0) lib/rails/rack/logger.rb:24:in `block in call'
activesupport (5.0.0) lib/active_support/tagged_logging.rb:70:in `block in tagged'
activesupport (5.0.0) lib/active_support/tagged_logging.rb:26:in `tagged'
activesupport (5.0.0) lib/active_support/tagged_logging.rb:70:in `tagged'
railties (5.0.0) lib/rails/rack/logger.rb:24:in `call'
sprockets-rails (3.1.1) lib/sprockets/rails/quiet_assets.rb:13:in `call'
actionpack (5.0.0) lib/action_dispatch/middleware/request_id.rb:24:in `call'
rack (2.0.1) lib/rack/method_override.rb:22:in `call'
rack (2.0.1) lib/rack/runtime.rb:22:in `call'
activesupport (5.0.0) lib/active_support/cache/strategy/local_cache_middleware.rb:28:in `call'
actionpack (5.0.0) lib/action_dispatch/middleware/executor.rb:12:in `call'
actionpack (5.0.0) lib/action_dispatch/middleware/static.rb:136:in `call'
rack (2.0.1) lib/rack/sendfile.rb:111:in `call'
railties (5.0.0) lib/rails/engine.rb:522:in `call'
puma (3.4.0) lib/puma/configuration.rb:224:in `call'
puma (3.4.0) lib/puma/server.rb:569:in `handle_request'
puma (3.4.0) lib/puma/server.rb:406:in `process_client'
puma (3.4.0) lib/puma/server.rb:271:in `block in run'
puma (3.4.0) lib/puma/thread_pool.rb:114:in `block in spawn_thread'
  Rendering /var/lib/gems/2.3.0/gems/actionpack-5.0.0/lib/action_dispatch/middleware/templates/rescues/routing_error.html.erb within rescues/layout
  Rendering /var/lib/gems/2.3.0/gems/actionpack-5.0.0/lib/action_dispatch/middleware/templates/rescues/_trace.html.erb
  Rendered /var/lib/gems/2.3.0/gems/actionpack-5.0.0/lib/action_dispatch/middleware/templates/rescues/_trace.html.erb (8.9ms)
  Rendered collection of /var/lib/gems/2.3.0/gems/actionpack-5.0.0/lib/action_dispatch/middleware/templates/routes/_route.html.erb [14 times] (48.8ms)
  Rendered /var/lib/gems/2.3.0/gems/actionpack-5.0.0/lib/action_dispatch/middleware/templates/routes/_table.html.erb (3.1ms)
  Rendering /var/lib/gems/2.3.0/gems/actionpack-5.0.0/lib/action_dispatch/middleware/templates/rescues/_request_and_response.html.erb
  Rendered /var/lib/gems/2.3.0/gems/actionpack-5.0.0/lib/action_dispatch/middleware/templates/rescues/_request_and_response.html.erb (2.6ms)
  Rendered /var/lib/gems/2.3.0/gems/actionpack-5.0.0/lib/action_dispatch/middleware/templates/rescues/routing_error.html.erb within rescues/layout (188.6ms)
  Rendering /var/lib/gems/2.3.0/gems/web-console-3.1.1/lib/web_console/templates/index.html.erb
  Rendered /var/lib/gems/2.3.0/gems/web-console-3.1.1/lib/web_console/templates/_markup.html.erb (1.0ms)
  Rendering /var/lib/gems/2.3.0/gems/web-console-3.1.1/lib/web_console/templates/console.js.erb within layouts/javascript
  Rendering /var/lib/gems/2.3.0/gems/web-console-3.1.1/lib/web_console/templates/_inner_console_markup.html.erb within layouts/inlined_string
  Rendered /var/lib/gems/2.3.0/gems/web-console-3.1.1/lib/web_console/templates/_inner_console_markup.html.erb within layouts/inlined_string (6.0ms)
  Rendering /var/lib/gems/2.3.0/gems/web-console-3.1.1/lib/web_console/templates/_prompt_box_markup.html.erb within layouts/inlined_string
  Rendered /var/lib/gems/2.3.0/gems/web-console-3.1.1/lib/web_console/templates/_prompt_box_markup.html.erb within layouts/inlined_string (0.9ms)
  Rendering /var/lib/gems/2.3.0/gems/web-console-3.1.1/lib/web_console/templates/style.css.erb within layouts/inlined_string
  Rendered /var/lib/gems/2.3.0/gems/web-console-3.1.1/lib/web_console/templates/style.css.erb within layouts/inlined_string (0.9ms)
  Rendered /var/lib/gems/2.3.0/gems/web-console-3.1.1/lib/web_console/templates/console.js.erb within layouts/javascript (87.9ms)
  Rendering /var/lib/gems/2.3.0/gems/web-console-3.1.1/lib/web_console/templates/main.js.erb within layouts/javascript
  Rendered /var/lib/gems/2.3.0/gems/web-console-3.1.1/lib/web_console/templates/main.js.erb within layouts/javascript (1.1ms)
  Rendered /var/lib/gems/2.3.0/gems/web-console-3.1.1/lib/web_console/templates/index.html.erb (152.4ms)
Started GET "/signup" for 127.0.0.1 at 2016-07-12 18:45:46 -0400
Processing by UsersController#new as HTML
  Rendering users/new.html.erb within layouts/application
  Rendered shared/_error_messages.html.erb (23.4ms)
  Rendered users/new.html.erb within layouts/application (112.8ms)
  Rendered layouts/_shim.html.erb (1.0ms)
  Rendered layouts/_header.html.erb (1.5ms)
  Rendered layouts/_footer.html.erb (1.4ms)
Completed 200 OK in 1578ms (Views: 1481.4ms | ActiveRecord: 0.0ms)


Started POST "/users" for 127.0.0.1 at 2016-07-12 18:46:08 -0400
Processing by UsersController#create as HTML
  Parameters: {"utf8"=>"✓", "authenticity_token"=>"VjSEOffYP7efyDruSDoMzIOHwHLv7X4gnyZ5mxZWrnI+CtzWVm3MbynBd2DaVlGfgnaOl0YWxdFa5DqsEeHudg==", "user"=>{"name"=>"Tony Tiger", "email"=>"theyre@great.com", "password"=>"[FILTERED]", "password_confirmation"=>"[FILTERED]"}, "commit"=>"Create my account"}
  [1m[35m (92.4ms)[0m  [1m[36mbegin transaction[0m
  [1m[36mUser Exists (0.4ms)[0m  [1m[34mSELECT  1 AS one FROM "users" WHERE LOWER("users"."email") = LOWER(?) LIMIT ?[0m  [["email", "theyre@great.com"], ["LIMIT", 1]]
  [1m[35mSQL (22.0ms)[0m  [1m[32mINSERT INTO "users" ("name", "email", "created_at", "updated_at", "password_digest") VALUES (?, ?, ?, ?, ?)[0m  [["name", "Tony Tiger"], ["email", "theyre@great.com"], ["created_at", 2016-07-12 22:46:08 UTC], ["updated_at", 2016-07-12 22:46:08 UTC], ["password_digest", "$2a$10$HWYZy7AXwPaLn43RQHIrwO9uB6pyhSGGhndW5gvbZx.hGg/zK0DU2"]]
  [1m[35m (74.3ms)[0m  [1m[36mcommit transaction[0m
Redirected to http://localhost:3000/users/2
Completed 302 Found in 342ms (ActiveRecord: 189.1ms)


Started GET "/users/2" for 127.0.0.1 at 2016-07-12 18:46:09 -0400
Processing by UsersController#show as HTML
  Parameters: {"id"=>"2"}
  [1m[36mUser Load (0.8ms)[0m  [1m[34mSELECT  "users".* FROM "users" WHERE "users"."id" = ? LIMIT ?[0m  [["id", 2], ["LIMIT", 1]]
  Rendering users/show.html.erb within layouts/application
  Rendered users/show.html.erb within layouts/application (1.7ms)
  Rendered layouts/_shim.html.erb (7.5ms)
  Rendered layouts/_header.html.erb (1.6ms)
  Rendered layouts/_footer.html.erb (1.2ms)
Completed 200 OK in 669ms (Views: 609.7ms | ActiveRecord: 0.8ms)


